[debug] [2026-01-30T05:05:00.880Z] ----------------------------------------------------------------------
[debug] [2026-01-30T05:05:00.885Z] Command:       /Users/kota/.nvm/versions/node/v20.19.4/bin/node /Users/kota/.nvm/versions/node/v20.19.4/bin/firebase init
[debug] [2026-01-30T05:05:00.885Z] CLI Version:   15.2.1
[debug] [2026-01-30T05:05:00.885Z] Platform:      darwin
[debug] [2026-01-30T05:05:00.886Z] Node Version:  v20.19.4
[debug] [2026-01-30T05:05:00.886Z] Time:          Fri Jan 30 2026 14:05:00 GMT+0900 (Japan Standard Time)
[debug] [2026-01-30T05:05:00.886Z] ----------------------------------------------------------------------
[debug] 
[info] 
     ######## #### ########  ######## ########     ###     ######  ########
     ##        ##  ##     ## ##       ##     ##  ##   ##  ##       ##
     ######    ##  ########  ######   ########  #########  ######  ######
     ##        ##  ##    ##  ##       ##     ## ##     ##       ## ##
     ##       #### ##     ## ######## ########  ##     ##  ######  ########

You're about to initialize a Firebase project in this directory:

  /Users/kota/Documents/tidia_web

Before we get started, keep in mind:

  * You are initializing within an existing Firebase project directory

[info] 
=== Project Setup
[info] 
[info] First, let's associate this project directory with a Firebase project.
[info] You can create multiple project aliases by running firebase use --add, 
[info] 
[debug] [2026-01-30T05:05:44.368Z] > command requires scopes: ["email","openid","https://www.googleapis.com/auth/cloudplatformprojects.readonly","https://www.googleapis.com/auth/firebase","https://www.googleapis.com/auth/cloud-platform"]
[debug] [2026-01-30T05:05:44.368Z] > authorizing via signed-in user (kotkobay@livspect.com)
[debug] [2026-01-30T05:05:44.370Z] Checked if tokens are valid: false, expires at: 1769529459848
[debug] [2026-01-30T05:05:44.370Z] Checked if tokens are valid: false, expires at: 1769529459848
[debug] [2026-01-30T05:05:44.370Z] > refreshing access token with scopes: []
[debug] [2026-01-30T05:05:44.372Z] >>> [apiv2][query] POST https://www.googleapis.com/oauth2/v3/token [none]
[debug] [2026-01-30T05:05:44.372Z] >>> [apiv2][body] POST https://www.googleapis.com/oauth2/v3/token [omitted]
[debug] [2026-01-30T05:05:44.576Z] <<< [apiv2][status] POST https://www.googleapis.com/oauth2/v3/token 400
[debug] [2026-01-30T05:05:44.576Z] <<< [apiv2][body] POST https://www.googleapis.com/oauth2/v3/token [omitted]
[error] Authentication Error: Your credentials are no longer valid. Please run firebase login --reauth

For CI servers and headless environments, generate a new token with firebase login:ci
[error] Authentication Error: Your credentials are no longer valid. Please run firebase login --reauth

For CI servers and headless environments, generate a new token with firebase login:ci
[debug] [2026-01-30T05:05:44.577Z] Authentication Error: Your credentials are no longer valid. Please run firebase login --reauth

For CI servers and headless environments, generate a new token with firebase login:ci
[debug] [2026-01-30T05:05:44.767Z] FirebaseError: Authentication Error: Your credentials are no longer valid. Please run firebase login --reauth

For CI servers and headless environments, generate a new token with firebase login:ci
    at invalidCredentialError (/Users/kota/.nvm/versions/node/v20.19.4/lib/node_modules/firebase-tools/lib/auth.js:177:12)
    at refreshTokens (/Users/kota/.nvm/versions/node/v20.19.4/lib/node_modules/firebase-tools/lib/auth.js:590:15)
    at process.processTicksAndRejections (node:internal/process/task_queues:95:5)
    at async getAccessToken (/Users/kota/.nvm/versions/node/v20.19.4/lib/node_modules/firebase-tools/lib/apiv2.js:43:18)
    at async Client.addAuthHeader (/Users/kota/.nvm/versions/node/v20.19.4/lib/node_modules/firebase-tools/lib/apiv2.js:169:21)
    at async Client.request (/Users/kota/.nvm/versions/node/v20.19.4/lib/node_modules/firebase-tools/lib/apiv2.js:120:34)
    at async getProjectPage (/Users/kota/.nvm/versions/node/v20.19.4/lib/node_modules/firebase-tools/lib/management/projects.js:287:17)
    at async getFirebaseProjectPage (/Users/kota/.nvm/versions/node/v20.19.4/lib/node_modules/firebase-tools/lib/management/projects.js:304:23)
    at async selectProjectInteractively (/Users/kota/.nvm/versions/node/v20.19.4/lib/node_modules/firebase-tools/lib/management/projects.js:150:41)
    at async Object.doSetup (/Users/kota/.nvm/versions/node/v20.19.4/lib/node_modules/firebase-tools/lib/init/features/project.js:56:24)
[error] 
[error] Error: Failed to list Firebase projects. See firebase-debug.log for more info.
